<?xml version="1.0" encoding="UTF-8"?>
<testsuite xmlns:xsi="http://www.w3.org/2001/XMLSchema-instance" xsi:schemaLocation="https://maven.apache.org/surefire/maven-surefire-plugin/xsd/surefire-test-report.xsd" name="TestSuite" time="15.378" tests="4" errors="0" skipped="0" failures="0">
  <properties>
    <property name="JOB_NAME" value="Maven Testing"/>
    <property name="java.vendor" value="Oracle Corporation"/>
    <property name="sun.java.launcher" value="SUN_STANDARD"/>
    <property name="NUMBER_OF_PROCESSORS" value="8"/>
    <property name="sun.management.compiler" value="HotSpot 64-Bit Tiered Compilers"/>
    <property name="JENKINS_HOME" value="C:\Users\speriy\.jenkins"/>
    <property name="HUDSON_SERVER_COOKIE" value="7b4957637200773a"/>
    <property name="POM_ARTIFACTID" value="checking"/>
    <property name="os.name" value="Windows 10"/>
    <property name="EXECUTOR_NUMBER" value="0"/>
    <property name="sun.desktop" value="windows"/>
    <property name="PATHEXT" value=".COM;.EXE;.BAT;.CMD;.VBS;.VBE;.JS;.JSE;.WSF;.WSH;.MSC"/>
    <property name="POM_DISPLAYNAME" value="checking"/>
    <property name="java.vm.specification.vendor" value="Oracle Corporation"/>
    <property name="TEMP" value="C:\Users\speriy\AppData\Local\Temp"/>
    <property name="NODE_LABELS" value="master"/>
    <property name="java.runtime.version" value="11.0.3+12-LTS"/>
    <property name="user.name" value="speriy"/>
    <property name="guice.disable.misplaced.annotation.check" value="true"/>
    <property name="CommonProgramW6432" value="C:\Program Files\Common Files"/>
    <property name="ProgramFiles" value="C:\Program Files"/>
    <property name="PROMPT" value="$P$G"/>
    <property name="user.language" value="en"/>
    <property name="JOB_BASE_NAME" value="Maven Testing"/>
    <property name="RUN_CHANGES_DISPLAY_URL" value="http://localhost:8080/job/Maven%20Testing/5/display/redirect?page=changes"/>
    <property name="BUILD_DISPLAY_NAME" value="#5"/>
    <property name="OneDrive" value="C:\Users\speriy\OneDrive"/>
    <property name="sun.boot.library.path" value="C:\Program Files\Java\jdk-11.0.3_windows-x64_bin\jdk-11.0.3\bin"/>
    <property name="java.vm.compressedOopsMode" value="32-bit"/>
    <property name="LOCALAPPDATA" value="C:\Users\speriy\AppData\Local"/>
    <property name="java.version" value="11.0.3"/>
    <property name="user.timezone" value="Europe/Berlin"/>
    <property name="PROCESSOR_LEVEL" value="6"/>
    <property name="USERNAME" value="speriy"/>
    <property name="sun.arch.data.model" value="64"/>
    <property name="NODE_NAME" value="master"/>
    <property name="BUILD_ID" value="5"/>
    <property name="sun.cpu.isalist" value="amd64"/>
    <property name="sun.jnu.encoding" value="Cp1252"/>
    <property name="maven.conf" value="C:\Users\speriy\.jenkins\tools\hudson.tasks.Maven_MavenInstallation\Maven_Test\conf"/>
    <property name="HOMEDRIVE" value="C:"/>
    <property name="file.separator" value="\"/>
    <property name="java.specification.name" value="Java Platform API Specification"/>
    <property name="java.class.version" value="55.0"/>
    <property name="org.slf4j.simpleLogger.defaultLogLevel" value="info"/>
    <property name="user.country" value="US"/>
    <property name="ALLUSERSPROFILE" value="C:\ProgramData"/>
    <property name="java.home" value="C:\Program Files\Java\jdk-11.0.3_windows-x64_bin\jdk-11.0.3"/>
    <property name="java.vm.info" value="mixed mode"/>
    <property name="os.version" value="10.0"/>
    <property name="=ExitCode" value="00000001"/>
    <property name="RUN_DISPLAY_URL" value="http://localhost:8080/job/Maven%20Testing/5/display/redirect"/>
    <property name="POM_VERSION" value="0.0.1-SNAPSHOT"/>
    <property name="TMP" value="C:\Users\speriy\AppData\Local\Temp"/>
    <property name="path.separator" value=";"/>
    <property name="java.vm.version" value="11.0.3+12-LTS"/>
    <property name="user.variant" value=""/>
    <property name="CommonProgramFiles(x86)" value="C:\Program Files (x86)\Common Files"/>
    <property name="JOB_DISPLAY_URL" value="http://localhost:8080/job/Maven%20Testing/display/redirect"/>
    <property name="USERDOMAIN_ROAMINGPROFILE" value="NORDIC"/>
    <property name="java.awt.printerjob" value="sun.awt.windows.WPrinterJob"/>
    <property name="CommonProgramFiles" value="C:\Program Files\Common Files"/>
    <property name="sun.io.unicode.encoding" value="UnicodeLittle"/>
    <property name="JAVA_HOME" value="C:\Program Files\Java\jdk-11.0.3_windows-x64_bin\jdk-11.0.3"/>
    <property name="ComSpec" value="C:\WINDOWS\system32\cmd.exe"/>
    <property name="USERDNSDOMAIN" value="Nordic.local"/>
    <property name="HOMEPATH" value="\Users\speriy"/>
    <property name="awt.toolkit" value="sun.awt.windows.WToolkit"/>
    <property name="POM_PACKAGING" value="jar"/>
    <property name="COMPUTERNAME" value="PC7425"/>
    <property name="user.script" value=""/>
    <property name="POM_GROUPID" value="Project1"/>
    <property name="user.home" value="C:\Users\speriy"/>
    <property name="PUBLIC" value="C:\Users\Public"/>
    <property name="BUILD_TAG" value="jenkins-Maven Testing-5"/>
    <property name="JENKINS_SERVER_COOKIE" value="7b4957637200773a"/>
    <property name="HUDSON_URL" value="http://localhost:8080/"/>
    <property name="ProgramData" value="C:\ProgramData"/>
    <property name="java.version.date" value="2019-04-16"/>
    <property name="java.specification.vendor" value="Oracle Corporation"/>
    <property name="USERPROFILE" value="C:\Users\speriy"/>
    <property name="CLASSPATH" value=""/>
    <property name="java.library.path" value="C:\Program Files\Java\jdk-11.0.3_windows-x64_bin\jdk-11.0.3\bin;C:\WINDOWS\Sun\Java\bin;C:\WINDOWS\system32;C:\WINDOWS;C:\Users\speriy\.jenkins\tools\hudson.tasks.Maven_MavenInstallation\Maven_Test/bin;C:\Program Files\Java\jdk-11.0.3_windows-x64_bin\jdk-11.0.3\bin;C:\Files needed for Testing Automation\apache-maven-3.6.1-bin\apache-maven-3.6.1\bin;C:\Users\speriy\AppData\Local\Microsoft\WindowsApps;C:\Program Files\Git\bin;;."/>
    <property name="java.vendor.url" value="http://java.oracle.com/"/>
    <property name="java.vm.vendor" value="Oracle Corporation"/>
    <property name="APPDATA" value="C:\Users\speriy\AppData\Roaming"/>
    <property name="java.runtime.name" value="Java(TM) SE Runtime Environment"/>
    <property name="maven.home" value="C:\Users\speriy\.jenkins\tools\hudson.tasks.Maven_MavenInstallation\Maven_Test"/>
    <property name="java.class.path" value="C:\Users\speriy\.jenkins\plugins\maven-plugin\WEB-INF\lib\maven35-agent-1.12.jar;C:\Users\speriy\.jenkins\tools\hudson.tasks.Maven_MavenInstallation\Maven_Test\boot\plexus-classworlds-2.6.0.jar;C:\Users\speriy\.jenkins\tools\hudson.tasks.Maven_MavenInstallation\Maven_Test/conf/logging"/>
    <property name="sun.java.command" value="jenkins.maven3.agent.Maven35Main C:\Users\speriy\.jenkins\tools\hudson.tasks.Maven_MavenInstallation\Maven_Test C:\Users\speriy\.jenkins\war\WEB-INF\lib\remoting-3.30.jar C:\Users\speriy\.jenkins\plugins\maven-plugin\WEB-INF\lib\maven35-interceptor-1.12.jar C:\Users\speriy\.jenkins\plugins\maven-plugin\WEB-INF\lib\maven3-interceptor-commons-1.12.jar 50822"/>
    <property name="Path" value="C:\Program Files\Java\jdk-11.0.3_windows-x64_bin\jdk-11.0.3\bin;C:\Files needed for Testing Automation\apache-maven-3.6.1-bin\apache-maven-3.6.1\bin;C:\Users\speriy\AppData\Local\Microsoft\WindowsApps;C:\Program Files\Git\bin;"/>
    <property name="jdk.debug" value="release"/>
    <property name="PROCESSOR_ARCHITECTURE" value="AMD64"/>
    <property name="java.vm.specification.name" value="Java Virtual Machine Specification"/>
    <property name="SESSIONNAME" value="Console"/>
    <property name="PROCESSOR_IDENTIFIER" value="Intel64 Family 6 Model 142 Stepping 10, GenuineIntel"/>
    <property name="java.vm.specification.version" value="11"/>
    <property name="M2_HOME" value="C:\Users\speriy\.jenkins\tools\hudson.tasks.Maven_MavenInstallation\Maven_Test"/>
    <property name="sun.cpu.endian" value="little"/>
    <property name="sun.os.patch.level" value=""/>
    <property name="OS" value="Windows_NT"/>
    <property name="java.io.tmpdir" value="C:\Users\speriy\AppData\Local\Temp\"/>
    <property name="HUDSON_HOME" value="C:\Users\speriy\.jenkins"/>
    <property name="PATH+MAVEN" value="C:\Users\speriy\.jenkins\tools\hudson.tasks.Maven_MavenInstallation\Maven_Test/bin"/>
    <property name="ProgramFiles(x86)" value="C:\Program Files (x86)"/>
    <property name="java.vendor.url.bug" value="http://bugreport.java.com/bugreport/"/>
    <property name="BUILD_URL" value="http://localhost:8080/job/Maven%20Testing/5/"/>
    <property name="SystemRoot" value="C:\WINDOWS"/>
    <property name="os.arch" value="amd64"/>
    <property name="java.awt.graphicsenv" value="sun.awt.Win32GraphicsEnvironment"/>
    <property name="user.dir" value="C:\Users\speriy\eclipse-workspace\checking"/>
    <property name="JOB_URL" value="http://localhost:8080/job/Maven%20Testing/"/>
    <property name="LOGONSERVER" value="\\PC7425"/>
    <property name="USERDOMAIN" value="NORDIC"/>
    <property name="MAVEN_HOME" value="C:\Users\speriy\.jenkins\tools\hudson.tasks.Maven_MavenInstallation\Maven_Test"/>
    <property name="line.separator" value="&#10;"/>
    <property name="java.vm.name" value="Java HotSpot(TM) 64-Bit Server VM"/>
    <property name="BUILD_NUMBER" value="5"/>
    <property name="PROCESSOR_REVISION" value="8e0a"/>
    <property name="JENKINS_URL" value="http://localhost:8080/"/>
    <property name="ProgramW6432" value="C:\Program Files"/>
    <property name="windir" value="C:\WINDOWS"/>
    <property name="=C:" value="C:\Files needed for Testing Automation\Jenkins"/>
    <property name="file.encoding" value="Cp1252"/>
    <property name="SystemDrive" value="C:"/>
    <property name="maven3.interceptor" value="C:\Users\speriy\.jenkins\plugins\maven-plugin\WEB-INF\lib\maven35-interceptor-1.12.jar"/>
    <property name="WORKSPACE" value="C:\Users\speriy\.jenkins\workspace\Maven Testing"/>
    <property name="maven3.interceptor.common" value="C:\Users\speriy\.jenkins\plugins\maven-plugin\WEB-INF\lib\maven3-interceptor-commons-1.12.jar"/>
    <property name="PSModulePath" value="C:\Program Files\WindowsPowerShell\Modules;C:\WINDOWS\system32\WindowsPowerShell\v1.0\Modules"/>
    <property name="java.specification.version" value="11"/>
    <property name="DriverData" value="C:\Windows\System32\Drivers\DriverData"/>
    <property name="java.vendor.version" value="18.9"/>
  </properties>
  <testcase name="first" classname="LoginPage.NewTest" time="14.377"/>
  <testcase name="second" classname="LoginPage.NewTest" time="0.001"/>
  <testcase name="fourth" classname="LoginPage.NewTest1" time="0"/>
  <testcase name="third" classname="LoginPage.NewTest1" time="0.001"/>
</testsuite>