<?xml version="1.0" encoding="UTF-8"?>
<!-- Generated by org.testng.reporters.JUnitReportReporter -->
<testsuite ignored="0" hostname="PC7425" failures="0" tests="2" name="LoginPage.NewTest" time="10.599" errors="0" timestamp="15 May 2019 13:07:18 GMT" skipped="0">
  <testcase classname="LoginPage.NewTest" name="first" time="10.596"/>
  <testcase classname="LoginPage.NewTest" name="second" time="0.003"/>
</testsuite> <!-- LoginPage.NewTest -->
