<?xml version="1.0" encoding="UTF-8"?>
<!-- Generated by org.testng.reporters.JUnitReportReporter -->
<testsuite ignored="0" hostname="PC7425" failures="0" tests="2" name="LoginPage.NewTest" time="12.536" errors="0" timestamp="16 May 2019 14:10:01 GMT" skipped="0">
  <testcase classname="LoginPage.NewTest" name="first" time="12.535"/>
  <testcase classname="LoginPage.NewTest" name="second" time="0.001"/>
</testsuite> <!-- LoginPage.NewTest -->
