<?xml version="1.0" encoding="UTF-8"?>
<!-- Generated by org.testng.reporters.JUnitReportReporter -->
<testsuite ignored="0" hostname="PC7425" failures="0" tests="2" name="LoginPage.NewTest1" time="0.000" errors="0" timestamp="16 May 2019 14:10:01 GMT" skipped="0">
  <testcase classname="LoginPage.NewTest1" name="fourth" time="0.000"/>
  <testcase classname="LoginPage.NewTest1" name="third" time="0.000"/>
</testsuite> <!-- LoginPage.NewTest1 -->
