<?xml version="1.0" encoding="UTF-8"?>
<!-- Generated by org.testng.reporters.JUnitReportReporter -->
<testsuite ignored="0" hostname="PC7425" failures="0" tests="2" name="LoginPage.NewTest" time="14.375" errors="0" timestamp="20 May 2019 07:23:51 GMT" skipped="0">
  <testcase classname="LoginPage.NewTest" name="first" time="14.375"/>
  <testcase classname="LoginPage.NewTest" name="second" time="0.000"/>
</testsuite> <!-- LoginPage.NewTest -->
